2018-08-16 20:41:12.097 DEBUG 33877 --- [main] o.s.w.c.s.StandardServletEnvironment     : Adding PropertySource 'configurationProperties' with highest search precedence
2018-08-16 20:41:12.126 DEBUG 33877 --- [main] o.s.w.c.s.StandardServletEnvironment     : Adding PropertySource 'servletConfigInitParams' with lowest search precedence
2018-08-16 20:41:12.127 DEBUG 33877 --- [main] o.s.w.c.s.StandardServletEnvironment     : Adding PropertySource 'servletContextInitParams' with lowest search precedence
2018-08-16 20:41:12.128 DEBUG 33877 --- [main] o.s.w.c.s.StandardServletEnvironment     : Adding PropertySource 'systemProperties' with lowest search precedence
2018-08-16 20:41:12.128 DEBUG 33877 --- [main] o.s.w.c.s.StandardServletEnvironment     : Adding PropertySource 'systemEnvironment' with lowest search precedence
2018-08-16 20:41:12.129 DEBUG 33877 --- [main] o.s.w.c.s.StandardServletEnvironment     : Initialized StandardServletEnvironment with PropertySources [StubPropertySource {name='servletConfigInitParams'}, StubPropertySource {name='servletContextInitParams'}, MapPropertySource {name='systemProperties'}, SystemEnvironmentPropertySource {name='systemEnvironment'}]
2018-08-16 20:41:12.902 DEBUG 33877 --- [main] o.s.w.c.s.StandardServletEnvironment     : Removing PropertySource 'defaultProperties'
2018-08-16 20:41:13.283 DEBUG 33877 --- [localhost-startStop-1] o.s.web.context.ContextLoader            : Published root WebApplicationContext as ServletContext attribute with name [org.springframework.web.context.WebApplicationContext.ROOT]
2018-08-16 20:41:13.283  INFO 33877 --- [localhost-startStop-1] o.s.web.context.ContextLoader            : Root WebApplicationContext: initialization completed in 1046 ms
2018-08-16 20:41:13.385 DEBUG 33877 --- [main] o.s.w.c.s.StandardServletEnvironment     : Replacing PropertySource 'servletContextInitParams' with 'servletContextInitParams'
2018-08-16 20:41:13.493  INFO 33877 --- [main] o.s.w.s.handler.SimpleUrlHandlerMapping  : Mapped URL path [/**/favicon.ico] onto handler of type [class org.springframework.web.servlet.resource.ResourceHttpRequestHandler]
2018-08-16 20:41:13.635  INFO 33877 --- [main] s.w.s.m.m.a.RequestMappingHandlerAdapter : Looking for @ControllerAdvice: org.springframework.boot.web.servlet.context.AnnotationConfigServletWebServerApplicationContext@13c9d689: startup date [Thu Aug 16 20:41:12 KST 2018]; root of context hierarchy
2018-08-16 20:41:13.666 DEBUG 33877 --- [main] s.w.s.m.m.a.RequestMappingHandlerMapping : Looking for request mappings in application context: org.springframework.boot.web.servlet.context.AnnotationConfigServletWebServerApplicationContext@13c9d689: startup date [Thu Aug 16 20:41:12 KST 2018]; root of context hierarchy
2018-08-16 20:41:13.671 DEBUG 33877 --- [main] s.w.s.m.m.a.RequestMappingHandlerMapping : 1 request handler methods found on class com.example.demo.day01.ExampleController: {java.lang.String com.example.demo.day01.ExampleController.home()={[/exam]}}
2018-08-16 20:41:13.672  INFO 33877 --- [main] s.w.s.m.m.a.RequestMappingHandlerMapping : Mapped "{[/exam]}" onto java.lang.String com.example.demo.day01.ExampleController.home()
2018-08-16 20:41:13.673 DEBUG 33877 --- [main] s.w.s.m.m.a.RequestMappingHandlerMapping : 1 request handler methods found on class com.example.demo.day04.AdminController: {java.lang.String com.example.demo.day04.AdminController.home()={[/admin]}}
2018-08-16 20:41:13.673  INFO 33877 --- [main] s.w.s.m.m.a.RequestMappingHandlerMapping : Mapped "{[/admin]}" onto java.lang.String com.example.demo.day04.AdminController.home()
2018-08-16 20:41:13.673 DEBUG 33877 --- [main] s.w.s.m.m.a.RequestMappingHandlerMapping : 1 request handler methods found on class com.example.demo.day05.HelloController: {java.lang.String com.example.demo.day05.HelloController.showMessage()={[/hello]}}
2018-08-16 20:41:13.673  INFO 33877 --- [main] s.w.s.m.m.a.RequestMappingHandlerMapping : Mapped "{[/hello]}" onto java.lang.String com.example.demo.day05.HelloController.showMessage()
2018-08-16 20:41:13.674 DEBUG 33877 --- [main] s.w.s.m.m.a.RequestMappingHandlerMapping : 1 request handler methods found on class com.example.demo.day07.ArgumentController: {public java.lang.String com.example.demo.day07.ArgumentController.argument()={[/argument]}}
2018-08-16 20:41:13.674  INFO 33877 --- [main] s.w.s.m.m.a.RequestMappingHandlerMapping : Mapped "{[/argument]}" onto public java.lang.String com.example.demo.day07.ArgumentController.argument()
2018-08-16 20:41:13.674 DEBUG 33877 --- [main] s.w.s.m.m.a.RequestMappingHandlerMapping : 2 request handler methods found on class com.example.demo.day08.PropertyController: {public java.lang.String com.example.demo.day08.PropertyController.getName()={[/property]}, public java.lang.String com.example.demo.day08.PropertyController.getUUid()={[/uuid]}}
2018-08-16 20:41:13.675  INFO 33877 --- [main] s.w.s.m.m.a.RequestMappingHandlerMapping : Mapped "{[/property]}" onto public java.lang.String com.example.demo.day08.PropertyController.getName()
2018-08-16 20:41:13.675  INFO 33877 --- [main] s.w.s.m.m.a.RequestMappingHandlerMapping : Mapped "{[/uuid]}" onto public java.lang.String com.example.demo.day08.PropertyController.getUUid()
2018-08-16 20:41:13.675 DEBUG 33877 --- [main] s.w.s.m.m.a.RequestMappingHandlerMapping : 2 request handler methods found on class com.example.demo.day09.YamlPropertyController: {public java.lang.String com.example.demo.day09.YamlPropertyController.getYaml()={[/yaml]}, public void com.example.demo.day09.YamlPropertyController.checkYaml()={[/mypojo]}}
2018-08-16 20:41:13.675  INFO 33877 --- [main] s.w.s.m.m.a.RequestMappingHandlerMapping : Mapped "{[/yaml]}" onto public java.lang.String com.example.demo.day09.YamlPropertyController.getYaml()
2018-08-16 20:41:13.676  INFO 33877 --- [main] s.w.s.m.m.a.RequestMappingHandlerMapping : Mapped "{[/mypojo]}" onto public void com.example.demo.day09.YamlPropertyController.checkYaml()
2018-08-16 20:41:13.676 DEBUG 33877 --- [main] s.w.s.m.m.a.RequestMappingHandlerMapping : 1 request handler methods found on class com.example.demo.day10.LukeController: {public void com.example.demo.day10.LukeController.printProperties()={[/luke/properties]}}
2018-08-16 20:41:13.677  INFO 33877 --- [main] s.w.s.m.m.a.RequestMappingHandlerMapping : Mapped "{[/luke/properties]}" onto public void com.example.demo.day10.LukeController.printProperties()
2018-08-16 20:41:13.677 DEBUG 33877 --- [main] s.w.s.m.m.a.RequestMappingHandlerMapping : 1 request handler methods found on class com.example.demo.day11.ProfileController: {public java.lang.String com.example.demo.day11.ProfileController.getProfileMessage()={[/profile]}}
2018-08-16 20:41:13.677  INFO 33877 --- [main] s.w.s.m.m.a.RequestMappingHandlerMapping : Mapped "{[/profile]}" onto public java.lang.String com.example.demo.day11.ProfileController.getProfileMessage()
2018-08-16 20:41:13.680 DEBUG 33877 --- [main] s.w.s.m.m.a.RequestMappingHandlerMapping : 2 request handler methods found on class org.springframework.boot.autoconfigure.web.servlet.error.BasicErrorController: {public org.springframework.http.ResponseEntity org.springframework.boot.autoconfigure.web.servlet.error.BasicErrorController.error(javax.servlet.http.HttpServletRequest)={[/error]}, public org.springframework.web.servlet.ModelAndView org.springframework.boot.autoconfigure.web.servlet.error.BasicErrorController.errorHtml(javax.servlet.http.HttpServletRequest,javax.servlet.http.HttpServletResponse)={[/error],produces=[text/html]}}
2018-08-16 20:41:13.682  INFO 33877 --- [main] s.w.s.m.m.a.RequestMappingHandlerMapping : Mapped "{[/error]}" onto public org.springframework.http.ResponseEntity<java.util.Map<java.lang.String, java.lang.Object>> org.springframework.boot.autoconfigure.web.servlet.error.BasicErrorController.error(javax.servlet.http.HttpServletRequest)
2018-08-16 20:41:13.682  INFO 33877 --- [main] s.w.s.m.m.a.RequestMappingHandlerMapping : Mapped "{[/error],produces=[text/html]}" onto public org.springframework.web.servlet.ModelAndView org.springframework.boot.autoconfigure.web.servlet.error.BasicErrorController.errorHtml(javax.servlet.http.HttpServletRequest,javax.servlet.http.HttpServletResponse)
2018-08-16 20:41:13.694 DEBUG 33877 --- [main] o.s.w.s.h.BeanNameUrlHandlerMapping      : Looking for URL mappings in application context: org.springframework.boot.web.servlet.context.AnnotationConfigServletWebServerApplicationContext@13c9d689: startup date [Thu Aug 16 20:41:12 KST 2018]; root of context hierarchy
2018-08-16 20:41:13.695 DEBUG 33877 --- [main] o.s.w.s.h.BeanNameUrlHandlerMapping      : Rejected bean name 'org.springframework.context.annotation.internalConfigurationAnnotationProcessor': no URL paths identified
2018-08-16 20:41:13.695 DEBUG 33877 --- [main] o.s.w.s.h.BeanNameUrlHandlerMapping      : Rejected bean name 'org.springframework.context.annotation.internalAutowiredAnnotationProcessor': no URL paths identified
2018-08-16 20:41:13.695 DEBUG 33877 --- [main] o.s.w.s.h.BeanNameUrlHandlerMapping      : Rejected bean name 'org.springframework.context.annotation.internalRequiredAnnotationProcessor': no URL paths identified
2018-08-16 20:41:13.695 DEBUG 33877 --- [main] o.s.w.s.h.BeanNameUrlHandlerMapping      : Rejected bean name 'org.springframework.context.annotation.internalCommonAnnotationProcessor': no URL paths identified
2018-08-16 20:41:13.695 DEBUG 33877 --- [main] o.s.w.s.h.BeanNameUrlHandlerMapping      : Rejected bean name 'org.springframework.context.event.internalEventListenerProcessor': no URL paths identified
2018-08-16 20:41:13.695 DEBUG 33877 --- [main] o.s.w.s.h.BeanNameUrlHandlerMapping      : Rejected bean name 'org.springframework.context.event.internalEventListenerFactory': no URL paths identified
2018-08-16 20:41:13.695 DEBUG 33877 --- [main] o.s.w.s.h.BeanNameUrlHandlerMapping      : Rejected bean name 'demoApplication': no URL paths identified
2018-08-16 20:41:13.695 DEBUG 33877 --- [main] o.s.w.s.h.BeanNameUrlHandlerMapping      : Rejected bean name 'org.springframework.boot.autoconfigure.internalCachingMetadataReaderFactory': no URL paths identified
2018-08-16 20:41:13.695 DEBUG 33877 --- [main] o.s.w.s.h.BeanNameUrlHandlerMapping      : Rejected bean name 'exampleController': no URL paths identified
2018-08-16 20:41:13.695 DEBUG 33877 --- [main] o.s.w.s.h.BeanNameUrlHandlerMapping      : Rejected bean name 'serviceConfig': no URL paths identified
2018-08-16 20:41:13.695 DEBUG 33877 --- [main] o.s.w.s.h.BeanNameUrlHandlerMapping      : Rejected bean name 'adminController': no URL paths identified
2018-08-16 20:41:13.695 DEBUG 33877 --- [main] o.s.w.s.h.BeanNameUrlHandlerMapping      : Rejected bean name 'adminRepository': no URL paths identified
2018-08-16 20:41:13.695 DEBUG 33877 --- [main] o.s.w.s.h.BeanNameUrlHandlerMapping      : Rejected bean name 'adminService': no URL paths identified
2018-08-16 20:41:13.696 DEBUG 33877 --- [main] o.s.w.s.h.BeanNameUrlHandlerMapping      : Rejected bean name 'helloController': no URL paths identified
2018-08-16 20:41:13.696 DEBUG 33877 --- [main] o.s.w.s.h.BeanNameUrlHandlerMapping      : Rejected bean name 'helloService': no URL paths identified
2018-08-16 20:41:13.696 DEBUG 33877 --- [main] o.s.w.s.h.BeanNameUrlHandlerMapping      : Rejected bean name 'applicationRunnerFirst': no URL paths identified
2018-08-16 20:41:13.696 DEBUG 33877 --- [main] o.s.w.s.h.BeanNameUrlHandlerMapping      : Rejected bean name 'applicationRunnerSecond': no URL paths identified
2018-08-16 20:41:13.696 DEBUG 33877 --- [main] o.s.w.s.h.BeanNameUrlHandlerMapping      : Rejected bean name 'argumentController': no URL paths identified
2018-08-16 20:41:13.696 DEBUG 33877 --- [main] o.s.w.s.h.BeanNameUrlHandlerMapping      : Rejected bean name 'argumentService': no URL paths identified
2018-08-16 20:41:13.696 DEBUG 33877 --- [main] o.s.w.s.h.BeanNameUrlHandlerMapping      : Rejected bean name 'propertyController': no URL paths identified
2018-08-16 20:41:13.696 DEBUG 33877 --- [main] o.s.w.s.h.BeanNameUrlHandlerMapping      : Rejected bean name 'propertyService': no URL paths identified
2018-08-16 20:41:13.696 DEBUG 33877 --- [main] o.s.w.s.h.BeanNameUrlHandlerMapping      : Rejected bean name 'sampleProperties': no URL paths identified
2018-08-16 20:41:13.696 DEBUG 33877 --- [main] o.s.w.s.h.BeanNameUrlHandlerMapping      : Rejected bean name 'yamlPropertyController': no URL paths identified
2018-08-16 20:41:13.696 DEBUG 33877 --- [main] o.s.w.s.h.BeanNameUrlHandlerMapping      : Rejected bean name 'lukeController': no URL paths identified
2018-08-16 20:41:13.696 DEBUG 33877 --- [main] o.s.w.s.h.BeanNameUrlHandlerMapping      : Rejected bean name 'lukeProperties': no URL paths identified
2018-08-16 20:41:13.697 DEBUG 33877 --- [main] o.s.w.s.h.BeanNameUrlHandlerMapping      : Rejected bean name 'prodBean': no URL paths identified
2018-08-16 20:41:13.697 DEBUG 33877 --- [main] o.s.w.s.h.BeanNameUrlHandlerMapping      : Rejected bean name 'profileController': no URL paths identified
2018-08-16 20:41:13.697 DEBUG 33877 --- [main] o.s.w.s.h.BeanNameUrlHandlerMapping      : Rejected bean name 'userService': no URL paths identified
2018-08-16 20:41:13.697 DEBUG 33877 --- [main] o.s.w.s.h.BeanNameUrlHandlerMapping      : Rejected bean name 'exitCodeGenerator': no URL paths identified
2018-08-16 20:41:13.697 DEBUG 33877 --- [main] o.s.w.s.h.BeanNameUrlHandlerMapping      : Rejected bean name 'org.springframework.boot.autoconfigure.AutoConfigurationPackages': no URL paths identified
2018-08-16 20:41:13.697 DEBUG 33877 --- [main] o.s.w.s.h.BeanNameUrlHandlerMapping      : Rejected bean name 'org.springframework.boot.autoconfigure.context.PropertyPlaceholderAutoConfiguration': no URL paths identified
2018-08-16 20:41:13.697 DEBUG 33877 --- [main] o.s.w.s.h.BeanNameUrlHandlerMapping      : Rejected bean name 'org.springframework.boot.autoconfigure.condition.BeanTypeRegistry': no URL paths identified
2018-08-16 20:41:13.697 DEBUG 33877 --- [main] o.s.w.s.h.BeanNameUrlHandlerMapping      : Rejected bean name 'propertySourcesPlaceholderConfigurer': no URL paths identified
2018-08-16 20:41:13.697 DEBUG 33877 --- [main] o.s.w.s.h.BeanNameUrlHandlerMapping      : Rejected bean name 'org.springframework.boot.autoconfigure.websocket.servlet.WebSocketServletAutoConfiguration$TomcatWebSocketConfiguration': no URL paths identified
2018-08-16 20:41:13.697 DEBUG 33877 --- [main] o.s.w.s.h.BeanNameUrlHandlerMapping      : Rejected bean name 'websocketContainerCustomizer': no URL paths identified
2018-08-16 20:41:13.697 DEBUG 33877 --- [main] o.s.w.s.h.BeanNameUrlHandlerMapping      : Rejected bean name 'org.springframework.boot.autoconfigure.websocket.servlet.WebSocketServletAutoConfiguration': no URL paths identified
2018-08-16 20:41:13.698 DEBUG 33877 --- [main] o.s.w.s.h.BeanNameUrlHandlerMapping      : Rejected bean name 'org.springframework.boot.autoconfigure.web.servlet.ServletWebServerFactoryConfiguration$EmbeddedTomcat': no URL paths identified
2018-08-16 20:41:13.698 DEBUG 33877 --- [main] o.s.w.s.h.BeanNameUrlHandlerMapping      : Rejected bean name 'tomcatServletWebServerFactory': no URL paths identified
2018-08-16 20:41:13.698 DEBUG 33877 --- [main] o.s.w.s.h.BeanNameUrlHandlerMapping      : Rejected bean name 'org.springframework.boot.autoconfigure.web.servlet.ServletWebServerFactoryAutoConfiguration': no URL paths identified
2018-08-16 20:41:13.698 DEBUG 33877 --- [main] o.s.w.s.h.BeanNameUrlHandlerMapping      : Rejected bean name 'servletWebServerFactoryCustomizer': no URL paths identified
2018-08-16 20:41:13.698 DEBUG 33877 --- [main] o.s.w.s.h.BeanNameUrlHandlerMapping      : Rejected bean name 'tomcatServletWebServerFactoryCustomizer': no URL paths identified
2018-08-16 20:41:13.698 DEBUG 33877 --- [main] o.s.w.s.h.BeanNameUrlHandlerMapping      : Rejected bean name 'server-org.springframework.boot.autoconfigure.web.ServerProperties': no URL paths identified
2018-08-16 20:41:13.698 DEBUG 33877 --- [main] o.s.w.s.h.BeanNameUrlHandlerMapping      : Rejected bean name 'org.springframework.boot.context.properties.ConfigurationPropertiesBindingPostProcessor': no URL paths identified
2018-08-16 20:41:13.698 DEBUG 33877 --- [main] o.s.w.s.h.BeanNameUrlHandlerMapping      : Rejected bean name 'org.springframework.boot.context.properties.ConfigurationBeanFactoryMetadata': no URL paths identified
2018-08-16 20:41:13.698 DEBUG 33877 --- [main] o.s.w.s.h.BeanNameUrlHandlerMapping      : Rejected bean name 'webServerFactoryCustomizerBeanPostProcessor': no URL paths identified
2018-08-16 20:41:13.698 DEBUG 33877 --- [main] o.s.w.s.h.BeanNameUrlHandlerMapping      : Rejected bean name 'errorPageRegistrarBeanPostProcessor': no URL paths identified
2018-08-16 20:41:13.698 DEBUG 33877 --- [main] o.s.w.s.h.BeanNameUrlHandlerMapping      : Rejected bean name 'org.springframework.boot.autoconfigure.web.servlet.DispatcherServletAutoConfiguration$DispatcherServletConfiguration': no URL paths identified
2018-08-16 20:41:13.698 DEBUG 33877 --- [main] o.s.w.s.h.BeanNameUrlHandlerMapping      : Rejected bean name 'dispatcherServlet': no URL paths identified
2018-08-16 20:41:13.698 DEBUG 33877 --- [main] o.s.w.s.h.BeanNameUrlHandlerMapping      : Rejected bean name 'mainDispatcherServletPathProvider': no URL paths identified
2018-08-16 20:41:13.698 DEBUG 33877 --- [main] o.s.w.s.h.BeanNameUrlHandlerMapping      : Rejected bean name 'spring.mvc-org.springframework.boot.autoconfigure.web.servlet.WebMvcProperties': no URL paths identified
2018-08-16 20:41:13.698 DEBUG 33877 --- [main] o.s.w.s.h.BeanNameUrlHandlerMapping      : Rejected bean name 'org.springframework.boot.autoconfigure.web.servlet.DispatcherServletAutoConfiguration$DispatcherServletRegistrationConfiguration': no URL paths identified
2018-08-16 20:41:13.698 DEBUG 33877 --- [main] o.s.w.s.h.BeanNameUrlHandlerMapping      : Rejected bean name 'dispatcherServletRegistration': no URL paths identified
2018-08-16 20:41:13.699 DEBUG 33877 --- [main] o.s.w.s.h.BeanNameUrlHandlerMapping      : Rejected bean name 'org.springframework.boot.autoconfigure.web.servlet.DispatcherServletAutoConfiguration': no URL paths identified
2018-08-16 20:41:13.699 DEBUG 33877 --- [main] o.s.w.s.h.BeanNameUrlHandlerMapping      : Rejected bean name 'org.springframework.boot.autoconfigure.validation.ValidationAutoConfiguration': no URL paths identified
2018-08-16 20:41:13.699 DEBUG 33877 --- [main] o.s.w.s.h.BeanNameUrlHandlerMapping      : Rejected bean name 'defaultValidator': no URL paths identified
2018-08-16 20:41:13.699 DEBUG 33877 --- [main] o.s.w.s.h.BeanNameUrlHandlerMapping      : Rejected bean name 'methodValidationPostProcessor': no URL paths identified
2018-08-16 20:41:13.699 DEBUG 33877 --- [main] o.s.w.s.h.BeanNameUrlHandlerMapping      : Rejected bean name 'org.springframework.boot.autoconfigure.web.servlet.error.ErrorMvcAutoConfiguration$WhitelabelErrorViewConfiguration': no URL paths identified
2018-08-16 20:41:13.699 DEBUG 33877 --- [main] o.s.w.s.h.BeanNameUrlHandlerMapping      : Rejected bean name 'error': no URL paths identified
2018-08-16 20:41:13.699 DEBUG 33877 --- [main] o.s.w.s.h.BeanNameUrlHandlerMapping      : Rejected bean name 'beanNameViewResolver': no URL paths identified
2018-08-16 20:41:13.699 DEBUG 33877 --- [main] o.s.w.s.h.BeanNameUrlHandlerMapping      : Rejected bean name 'org.springframework.boot.autoconfigure.web.servlet.error.ErrorMvcAutoConfiguration$DefaultErrorViewResolverConfiguration': no URL paths identified
2018-08-16 20:41:13.699 DEBUG 33877 --- [main] o.s.w.s.h.BeanNameUrlHandlerMapping      : Rejected bean name 'conventionErrorViewResolver': no URL paths identified
2018-08-16 20:41:13.699 DEBUG 33877 --- [main] o.s.w.s.h.BeanNameUrlHandlerMapping      : Rejected bean name 'org.springframework.boot.autoconfigure.web.servlet.error.ErrorMvcAutoConfiguration': no URL paths identified
2018-08-16 20:41:13.699 DEBUG 33877 --- [main] o.s.w.s.h.BeanNameUrlHandlerMapping      : Rejected bean name 'errorAttributes': no URL paths identified
2018-08-16 20:41:13.699 DEBUG 33877 --- [main] o.s.w.s.h.BeanNameUrlHandlerMapping      : Rejected bean name 'basicErrorController': no URL paths identified
2018-08-16 20:41:13.699 DEBUG 33877 --- [main] o.s.w.s.h.BeanNameUrlHandlerMapping      : Rejected bean name 'errorPageCustomizer': no URL paths identified
2018-08-16 20:41:13.699 DEBUG 33877 --- [main] o.s.w.s.h.BeanNameUrlHandlerMapping      : Rejected bean name 'preserveErrorControllerTargetClassPostProcessor': no URL paths identified
2018-08-16 20:41:13.699 DEBUG 33877 --- [main] o.s.w.s.h.BeanNameUrlHandlerMapping      : Rejected bean name 'spring.resources-org.springframework.boot.autoconfigure.web.ResourceProperties': no URL paths identified
2018-08-16 20:41:13.699 DEBUG 33877 --- [main] o.s.w.s.h.BeanNameUrlHandlerMapping      : Rejected bean name 'org.springframework.boot.autoconfigure.web.servlet.WebMvcAutoConfiguration$WebMvcAutoConfigurationAdapter$FaviconConfiguration': no URL paths identified
2018-08-16 20:41:13.699 DEBUG 33877 --- [main] o.s.w.s.h.BeanNameUrlHandlerMapping      : Rejected bean name 'faviconHandlerMapping': no URL paths identified
2018-08-16 20:41:13.699 DEBUG 33877 --- [main] o.s.w.s.h.BeanNameUrlHandlerMapping      : Rejected bean name 'faviconRequestHandler': no URL paths identified
2018-08-16 20:41:13.700 DEBUG 33877 --- [main] o.s.w.s.h.BeanNameUrlHandlerMapping      : Rejected bean name 'org.springframework.boot.autoconfigure.web.servlet.WebMvcAutoConfiguration$EnableWebMvcConfiguration': no URL paths identified
2018-08-16 20:41:13.700 DEBUG 33877 --- [main] o.s.w.s.h.BeanNameUrlHandlerMapping      : Rejected bean name 'requestMappingHandlerAdapter': no URL paths identified
2018-08-16 20:41:13.700 DEBUG 33877 --- [main] o.s.w.s.h.BeanNameUrlHandlerMapping      : Rejected bean name 'requestMappingHandlerMapping': no URL paths identified
2018-08-16 20:41:13.700 DEBUG 33877 --- [main] o.s.w.s.h.BeanNameUrlHandlerMapping      : Rejected bean name 'mvcConversionService': no URL paths identified
2018-08-16 20:41:13.700 DEBUG 33877 --- [main] o.s.w.s.h.BeanNameUrlHandlerMapping      : Rejected bean name 'mvcValidator': no URL paths identified
2018-08-16 20:41:13.700 DEBUG 33877 --- [main] o.s.w.s.h.BeanNameUrlHandlerMapping      : Rejected bean name 'mvcContentNegotiationManager': no URL paths identified
2018-08-16 20:41:13.700 DEBUG 33877 --- [main] o.s.w.s.h.BeanNameUrlHandlerMapping      : Rejected bean name 'mvcPathMatcher': no URL paths identified
2018-08-16 20:41:13.700 DEBUG 33877 --- [main] o.s.w.s.h.BeanNameUrlHandlerMapping      : Rejected bean name 'mvcUrlPathHelper': no URL paths identified
2018-08-16 20:41:13.700 DEBUG 33877 --- [main] o.s.w.s.h.BeanNameUrlHandlerMapping      : Rejected bean name 'viewControllerHandlerMapping': no URL paths identified
2018-08-16 20:41:13.700 DEBUG 33877 --- [main] o.s.w.s.h.BeanNameUrlHandlerMapping      : Rejected bean name 'beanNameHandlerMapping': no URL paths identified
2018-08-16 20:41:13.700 DEBUG 33877 --- [main] o.s.w.s.h.BeanNameUrlHandlerMapping      : Rejected bean name 'resourceHandlerMapping': no URL paths identified
2018-08-16 20:41:13.700 DEBUG 33877 --- [main] o.s.w.s.h.BeanNameUrlHandlerMapping      : Rejected bean name 'mvcResourceUrlProvider': no URL paths identified
2018-08-16 20:41:13.700 DEBUG 33877 --- [main] o.s.w.s.h.BeanNameUrlHandlerMapping      : Rejected bean name 'defaultServletHandlerMapping': no URL paths identified
2018-08-16 20:41:13.701 DEBUG 33877 --- [main] o.s.w.s.h.BeanNameUrlHandlerMapping      : Rejected bean name 'mvcUriComponentsContributor': no URL paths identified
2018-08-16 20:41:13.701 DEBUG 33877 --- [main] o.s.w.s.h.BeanNameUrlHandlerMapping      : Rejected bean name 'httpRequestHandlerAdapter': no URL paths identified
2018-08-16 20:41:13.701 DEBUG 33877 --- [main] o.s.w.s.h.BeanNameUrlHandlerMapping      : Rejected bean name 'simpleControllerHandlerAdapter': no URL paths identified
2018-08-16 20:41:13.701 DEBUG 33877 --- [main] o.s.w.s.h.BeanNameUrlHandlerMapping      : Rejected bean name 'handlerExceptionResolver': no URL paths identified
2018-08-16 20:41:13.701 DEBUG 33877 --- [main] o.s.w.s.h.BeanNameUrlHandlerMapping      : Rejected bean name 'mvcViewResolver': no URL paths identified
2018-08-16 20:41:13.701 DEBUG 33877 --- [main] o.s.w.s.h.BeanNameUrlHandlerMapping      : Rejected bean name 'mvcHandlerMappingIntrospector': no URL paths identified
2018-08-16 20:41:13.701 DEBUG 33877 --- [main] o.s.w.s.h.BeanNameUrlHandlerMapping      : Rejected bean name 'org.springframework.boot.autoconfigure.web.servlet.WebMvcAutoConfiguration$WebMvcAutoConfigurationAdapter': no URL paths identified
2018-08-16 20:41:13.701 DEBUG 33877 --- [main] o.s.w.s.h.BeanNameUrlHandlerMapping      : Rejected bean name 'defaultViewResolver': no URL paths identified
2018-08-16 20:41:13.701 DEBUG 33877 --- [main] o.s.w.s.h.BeanNameUrlHandlerMapping      : Rejected bean name 'viewResolver': no URL paths identified
2018-08-16 20:41:13.701 DEBUG 33877 --- [main] o.s.w.s.h.BeanNameUrlHandlerMapping      : Rejected bean name 'welcomePageHandlerMapping': no URL paths identified
2018-08-16 20:41:13.701 DEBUG 33877 --- [main] o.s.w.s.h.BeanNameUrlHandlerMapping      : Rejected bean name 'requestContextFilter': no URL paths identified
2018-08-16 20:41:13.701 DEBUG 33877 --- [main] o.s.w.s.h.BeanNameUrlHandlerMapping      : Rejected bean name 'org.springframework.boot.autoconfigure.web.servlet.WebMvcAutoConfiguration': no URL paths identified
2018-08-16 20:41:13.701 DEBUG 33877 --- [main] o.s.w.s.h.BeanNameUrlHandlerMapping      : Rejected bean name 'hiddenHttpMethodFilter': no URL paths identified
2018-08-16 20:41:13.701 DEBUG 33877 --- [main] o.s.w.s.h.BeanNameUrlHandlerMapping      : Rejected bean name 'httpPutFormContentFilter': no URL paths identified
2018-08-16 20:41:13.701 DEBUG 33877 --- [main] o.s.w.s.h.BeanNameUrlHandlerMapping      : Rejected bean name 'org.springframework.boot.autoconfigure.jmx.JmxAutoConfiguration': no URL paths identified
2018-08-16 20:41:13.701 DEBUG 33877 --- [main] o.s.w.s.h.BeanNameUrlHandlerMapping      : Rejected bean name 'mbeanExporter': no URL paths identified
2018-08-16 20:41:13.701 DEBUG 33877 --- [main] o.s.w.s.h.BeanNameUrlHandlerMapping      : Rejected bean name 'objectNamingStrategy': no URL paths identified
2018-08-16 20:41:13.702 DEBUG 33877 --- [main] o.s.w.s.h.BeanNameUrlHandlerMapping      : Rejected bean name 'mbeanServer': no URL paths identified
2018-08-16 20:41:13.702 DEBUG 33877 --- [main] o.s.w.s.h.BeanNameUrlHandlerMapping      : Rejected bean name 'org.springframework.boot.autoconfigure.admin.SpringApplicationAdminJmxAutoConfiguration': no URL paths identified
2018-08-16 20:41:13.702 DEBUG 33877 --- [main] o.s.w.s.h.BeanNameUrlHandlerMapping      : Rejected bean name 'springApplicationAdminRegistrar': no URL paths identified
2018-08-16 20:41:13.702 DEBUG 33877 --- [main] o.s.w.s.h.BeanNameUrlHandlerMapping      : Rejected bean name 'org.springframework.boot.autoconfigure.context.ConfigurationPropertiesAutoConfiguration': no URL paths identified
2018-08-16 20:41:13.702 DEBUG 33877 --- [main] o.s.w.s.h.BeanNameUrlHandlerMapping      : Rejected bean name 'org.springframework.boot.autoconfigure.jackson.JacksonAutoConfiguration$Jackson2ObjectMapperBuilderCustomizerConfiguration': no URL paths identified
2018-08-16 20:41:13.702 DEBUG 33877 --- [main] o.s.w.s.h.BeanNameUrlHandlerMapping      : Rejected bean name 'standardJacksonObjectMapperBuilderCustomizer': no URL paths identified
2018-08-16 20:41:13.702 DEBUG 33877 --- [main] o.s.w.s.h.BeanNameUrlHandlerMapping      : Rejected bean name 'spring.jackson-org.springframework.boot.autoconfigure.jackson.JacksonProperties': no URL paths identified
2018-08-16 20:41:13.702 DEBUG 33877 --- [main] o.s.w.s.h.BeanNameUrlHandlerMapping      : Rejected bean name 'org.springframework.boot.autoconfigure.jackson.JacksonAutoConfiguration$JacksonObjectMapperBuilderConfiguration': no URL paths identified
2018-08-16 20:41:13.702 DEBUG 33877 --- [main] o.s.w.s.h.BeanNameUrlHandlerMapping      : Rejected bean name 'jacksonObjectMapperBuilder': no URL paths identified
2018-08-16 20:41:13.702 DEBUG 33877 --- [main] o.s.w.s.h.BeanNameUrlHandlerMapping      : Rejected bean name 'org.springframework.boot.autoconfigure.jackson.JacksonAutoConfiguration$ParameterNamesModuleConfiguration': no URL paths identified
2018-08-16 20:41:13.702 DEBUG 33877 --- [main] o.s.w.s.h.BeanNameUrlHandlerMapping      : Rejected bean name 'parameterNamesModule': no URL paths identified
2018-08-16 20:41:13.702 DEBUG 33877 --- [main] o.s.w.s.h.BeanNameUrlHandlerMapping      : Rejected bean name 'org.springframework.boot.autoconfigure.jackson.JacksonAutoConfiguration$JacksonObjectMapperConfiguration': no URL paths identified
2018-08-16 20:41:13.702 DEBUG 33877 --- [main] o.s.w.s.h.BeanNameUrlHandlerMapping      : Rejected bean name 'jacksonObjectMapper': no URL paths identified
2018-08-16 20:41:13.702 DEBUG 33877 --- [main] o.s.w.s.h.BeanNameUrlHandlerMapping      : Rejected bean name 'org.springframework.boot.autoconfigure.jackson.JacksonAutoConfiguration': no URL paths identified
2018-08-16 20:41:13.702 DEBUG 33877 --- [main] o.s.w.s.h.BeanNameUrlHandlerMapping      : Rejected bean name 'jsonComponentModule': no URL paths identified
2018-08-16 20:41:13.702 DEBUG 33877 --- [main] o.s.w.s.h.BeanNameUrlHandlerMapping      : Rejected bean name 'org.springframework.boot.autoconfigure.http.HttpMessageConvertersAutoConfiguration$StringHttpMessageConverterConfiguration': no URL paths identified
2018-08-16 20:41:13.702 DEBUG 33877 --- [main] o.s.w.s.h.BeanNameUrlHandlerMapping      : Rejected bean name 'stringHttpMessageConverter': no URL paths identified
2018-08-16 20:41:13.702 DEBUG 33877 --- [main] o.s.w.s.h.BeanNameUrlHandlerMapping      : Rejected bean name 'spring.http.encoding-org.springframework.boot.autoconfigure.http.HttpEncodingProperties': no URL paths identified
2018-08-16 20:41:13.702 DEBUG 33877 --- [main] o.s.w.s.h.BeanNameUrlHandlerMapping      : Rejected bean name 'org.springframework.boot.autoconfigure.http.JacksonHttpMessageConvertersConfiguration$MappingJackson2HttpMessageConverterConfiguration': no URL paths identified
2018-08-16 20:41:13.703 DEBUG 33877 --- [main] o.s.w.s.h.BeanNameUrlHandlerMapping      : Rejected bean name 'mappingJackson2HttpMessageConverter': no URL paths identified
2018-08-16 20:41:13.703 DEBUG 33877 --- [main] o.s.w.s.h.BeanNameUrlHandlerMapping      : Rejected bean name 'org.springframework.boot.autoconfigure.http.JacksonHttpMessageConvertersConfiguration': no URL paths identified
2018-08-16 20:41:13.703 DEBUG 33877 --- [main] o.s.w.s.h.BeanNameUrlHandlerMapping      : Rejected bean name 'org.springframework.boot.autoconfigure.http.HttpMessageConvertersAutoConfiguration': no URL paths identified
2018-08-16 20:41:13.703 DEBUG 33877 --- [main] o.s.w.s.h.BeanNameUrlHandlerMapping      : Rejected bean name 'messageConverters': no URL paths identified
2018-08-16 20:41:13.703 DEBUG 33877 --- [main] o.s.w.s.h.BeanNameUrlHandlerMapping      : Rejected bean name 'org.springframework.boot.autoconfigure.http.codec.CodecsAutoConfiguration$JacksonCodecConfiguration': no URL paths identified
2018-08-16 20:41:13.703 DEBUG 33877 --- [main] o.s.w.s.h.BeanNameUrlHandlerMapping      : Rejected bean name 'jacksonCodecCustomizer': no URL paths identified
2018-08-16 20:41:13.703 DEBUG 33877 --- [main] o.s.w.s.h.BeanNameUrlHandlerMapping      : Rejected bean name 'org.springframework.boot.autoconfigure.http.codec.CodecsAutoConfiguration': no URL paths identified
2018-08-16 20:41:13.703 DEBUG 33877 --- [main] o.s.w.s.h.BeanNameUrlHandlerMapping      : Rejected bean name 'org.springframework.boot.autoconfigure.info.ProjectInfoAutoConfiguration': no URL paths identified
2018-08-16 20:41:13.703 DEBUG 33877 --- [main] o.s.w.s.h.BeanNameUrlHandlerMapping      : Rejected bean name 'spring.info-org.springframework.boot.autoconfigure.info.ProjectInfoProperties': no URL paths identified
2018-08-16 20:41:13.703 DEBUG 33877 --- [main] o.s.w.s.h.BeanNameUrlHandlerMapping      : Rejected bean name 'org.springframework.boot.autoconfigure.security.reactive.ReactiveSecurityAutoConfiguration': no URL paths identified
2018-08-16 20:41:13.703 DEBUG 33877 --- [main] o.s.w.s.h.BeanNameUrlHandlerMapping      : Rejected bean name 'spring.security-org.springframework.boot.autoconfigure.security.SecurityProperties': no URL paths identified
2018-08-16 20:41:13.703 DEBUG 33877 --- [main] o.s.w.s.h.BeanNameUrlHandlerMapping      : Rejected bean name 'org.springframework.boot.autoconfigure.web.client.RestTemplateAutoConfiguration': no URL paths identified
2018-08-16 20:41:13.703 DEBUG 33877 --- [main] o.s.w.s.h.BeanNameUrlHandlerMapping      : Rejected bean name 'restTemplateBuilder': no URL paths identified
2018-08-16 20:41:13.703 DEBUG 33877 --- [main] o.s.w.s.h.BeanNameUrlHandlerMapping      : Rejected bean name 'org.springframework.boot.autoconfigure.web.embedded.EmbeddedWebServerFactoryCustomizerAutoConfiguration$TomcatWebServerFactoryCustomizerConfiguration': no URL paths identified
2018-08-16 20:41:13.703 DEBUG 33877 --- [main] o.s.w.s.h.BeanNameUrlHandlerMapping      : Rejected bean name 'tomcatWebServerFactoryCustomizer': no URL paths identified
2018-08-16 20:41:13.703 DEBUG 33877 --- [main] o.s.w.s.h.BeanNameUrlHandlerMapping      : Rejected bean name 'org.springframework.boot.autoconfigure.web.embedded.EmbeddedWebServerFactoryCustomizerAutoConfiguration': no URL paths identified
2018-08-16 20:41:13.703 DEBUG 33877 --- [main] o.s.w.s.h.BeanNameUrlHandlerMapping      : Rejected bean name 'org.springframework.boot.autoconfigure.web.servlet.HttpEncodingAutoConfiguration': no URL paths identified
2018-08-16 20:41:13.704 DEBUG 33877 --- [main] o.s.w.s.h.BeanNameUrlHandlerMapping      : Rejected bean name 'characterEncodingFilter': no URL paths identified
2018-08-16 20:41:13.704 DEBUG 33877 --- [main] o.s.w.s.h.BeanNameUrlHandlerMapping      : Rejected bean name 'localeCharsetMappingsCustomizer': no URL paths identified
2018-08-16 20:41:13.704 DEBUG 33877 --- [main] o.s.w.s.h.BeanNameUrlHandlerMapping      : Rejected bean name 'org.springframework.boot.autoconfigure.web.servlet.MultipartAutoConfiguration': no URL paths identified
2018-08-16 20:41:13.704 DEBUG 33877 --- [main] o.s.w.s.h.BeanNameUrlHandlerMapping      : Rejected bean name 'multipartConfigElement': no URL paths identified
2018-08-16 20:41:13.704 DEBUG 33877 --- [main] o.s.w.s.h.BeanNameUrlHandlerMapping      : Rejected bean name 'multipartResolver': no URL paths identified
2018-08-16 20:41:13.704 DEBUG 33877 --- [main] o.s.w.s.h.BeanNameUrlHandlerMapping      : Rejected bean name 'spring.servlet.multipart-org.springframework.boot.autoconfigure.web.servlet.MultipartProperties': no URL paths identified
2018-08-16 20:41:13.704 DEBUG 33877 --- [main] o.s.w.s.h.BeanNameUrlHandlerMapping      : Rejected bean name 'autoConfigurationReport': no URL paths identified
2018-08-16 20:41:13.704 DEBUG 33877 --- [main] o.s.w.s.h.BeanNameUrlHandlerMapping      : Rejected bean name 'org.springframework.boot.context.ContextIdApplicationContextInitializer$ContextId': no URL paths identified
2018-08-16 20:41:13.704 DEBUG 33877 --- [main] o.s.w.s.h.BeanNameUrlHandlerMapping      : Rejected bean name 'springApplicationArguments': no URL paths identified
2018-08-16 20:41:13.704 DEBUG 33877 --- [main] o.s.w.s.h.BeanNameUrlHandlerMapping      : Rejected bean name 'springBootBanner': no URL paths identified
2018-08-16 20:41:13.704 DEBUG 33877 --- [main] o.s.w.s.h.BeanNameUrlHandlerMapping      : Rejected bean name 'springBootLoggingSystem': no URL paths identified
2018-08-16 20:41:13.704 DEBUG 33877 --- [main] o.s.w.s.h.BeanNameUrlHandlerMapping      : Rejected bean name 'environment': no URL paths identified
2018-08-16 20:41:13.704 DEBUG 33877 --- [main] o.s.w.s.h.BeanNameUrlHandlerMapping      : Rejected bean name 'systemProperties': no URL paths identified
2018-08-16 20:41:13.704 DEBUG 33877 --- [main] o.s.w.s.h.BeanNameUrlHandlerMapping      : Rejected bean name 'systemEnvironment': no URL paths identified
2018-08-16 20:41:13.704 DEBUG 33877 --- [main] o.s.w.s.h.BeanNameUrlHandlerMapping      : Rejected bean name 'org.springframework.context.annotation.ConfigurationClassPostProcessor.importRegistry': no URL paths identified
2018-08-16 20:41:13.704 DEBUG 33877 --- [main] o.s.w.s.h.BeanNameUrlHandlerMapping      : Rejected bean name 'messageSource': no URL paths identified
2018-08-16 20:41:13.704 DEBUG 33877 --- [main] o.s.w.s.h.BeanNameUrlHandlerMapping      : Rejected bean name 'applicationEventMulticaster': no URL paths identified
2018-08-16 20:41:13.704 DEBUG 33877 --- [main] o.s.w.s.h.BeanNameUrlHandlerMapping      : Rejected bean name 'servletContext': no URL paths identified
2018-08-16 20:41:13.704 DEBUG 33877 --- [main] o.s.w.s.h.BeanNameUrlHandlerMapping      : Rejected bean name 'contextParameters': no URL paths identified
2018-08-16 20:41:13.704 DEBUG 33877 --- [main] o.s.w.s.h.BeanNameUrlHandlerMapping      : Rejected bean name 'contextAttributes': no URL paths identified
2018-08-16 20:41:13.709  INFO 33877 --- [main] o.s.w.s.handler.SimpleUrlHandlerMapping  : Mapped URL path [/webjars/**] onto handler of type [class org.springframework.web.servlet.resource.ResourceHttpRequestHandler]
2018-08-16 20:41:13.709  INFO 33877 --- [main] o.s.w.s.handler.SimpleUrlHandlerMapping  : Mapped URL path [/**] onto handler of type [class org.springframework.web.servlet.resource.ResourceHttpRequestHandler]
2018-08-16 20:41:13.719 DEBUG 33877 --- [main] .m.m.a.ExceptionHandlerExceptionResolver : Looking for exception mappings: org.springframework.boot.web.servlet.context.AnnotationConfigServletWebServerApplicationContext@13c9d689: startup date [Thu Aug 16 20:41:12 KST 2018]; root of context hierarchy
2018-08-16 20:41:13.822 DEBUG 33877 --- [main] o.s.w.s.resource.ResourceUrlProvider     : Looking for resource handler mappings
2018-08-16 20:41:13.822 DEBUG 33877 --- [main] o.s.w.s.resource.ResourceUrlProvider     : Found resource handler mapping: URL pattern="/**/favicon.ico", locations=[class path resource [META-INF/resources/], class path resource [resources/], class path resource [static/], class path resource [public/], ServletContext resource [/], class path resource []], resolvers=[org.springframework.web.servlet.resource.PathResourceResolver@33a053d]
2018-08-16 20:41:13.822 DEBUG 33877 --- [main] o.s.w.s.resource.ResourceUrlProvider     : Found resource handler mapping: URL pattern="/webjars/**", locations=[class path resource [META-INF/resources/webjars/]], resolvers=[org.springframework.web.servlet.resource.PathResourceResolver@14a54ef6]
2018-08-16 20:41:13.822 DEBUG 33877 --- [main] o.s.w.s.resource.ResourceUrlProvider     : Found resource handler mapping: URL pattern="/**", locations=[class path resource [META-INF/resources/], class path resource [resources/], class path resource [static/], class path resource [public/], ServletContext resource [/]], resolvers=[org.springframework.web.servlet.resource.PathResourceResolver@20921b9b]
2018-08-16 20:41:13.856 DEBUG 33877 --- [main] o.s.w.c.s.StandardServletEnvironment     : Adding PropertySource 'server.ports' with highest search precedence
